[debug] [2019-09-22T05:33:51.579Z] ----------------------------------------------------------------------
[debug] [2019-09-22T05:33:51.588Z] Command:       C:\Program Files\nodejs\node.exe C:\Users\Hung\AppData\Roaming\npm\node_modules\firebase-tools\bin\firebase deploy --only hosting
[debug] [2019-09-22T05:33:51.588Z] CLI Version:   5.1.1
[debug] [2019-09-22T05:33:51.588Z] Platform:      win32
[debug] [2019-09-22T05:33:51.588Z] Node Version:  v10.16.0
[debug] [2019-09-22T05:33:51.598Z] Time:          Sun Sep 22 2019 12:33:51 GMT+0700 (Indochina Time)
[debug] [2019-09-22T05:33:51.599Z] ----------------------------------------------------------------------
[debug] 
[debug] [2019-09-22T05:33:51.655Z] > command requires scopes: ["email","openid","https://www.googleapis.com/auth/cloudplatformprojects.readonly","https://www.googleapis.com/auth/firebase","https://www.googleapis.com/auth/cloud-platform"]
[debug] [2019-09-22T05:33:51.658Z] > authorizing via signed-in user
[debug] [2019-09-22T05:33:51.658Z] [iam] checking project angular-ngrx-material-starter for permissions ["firebase.projects.get","firebasehosting.sites.update"]
[debug] [2019-09-22T05:33:51.664Z] > refreshing access token with scopes: ["email","https://www.googleapis.com/auth/cloud-platform","https://www.googleapis.com/auth/cloudplatformprojects.readonly","https://www.googleapis.com/auth/firebase","openid"]
[debug] [2019-09-22T05:33:51.664Z] >>> HTTP REQUEST POST https://www.googleapis.com/oauth2/v3/token  
 <request body omitted>
[debug] [2019-09-22T05:33:51.988Z] <<< HTTP RESPONSE 200
[debug] [2019-09-22T05:33:51.997Z] >>> HTTP REQUEST POST https://cloudresourcemanager.googleapis.com/v1/projects/angular-ngrx-material-starter:testIamPermissions  

[debug] [2019-09-22T05:33:53.284Z] <<< HTTP RESPONSE 200
[debug] [2019-09-22T05:33:53.288Z] >>> HTTP REQUEST GET https://firebase.googleapis.com/v1beta1/projects/angular-ngrx-material-starter  
 
[debug] [2019-09-22T05:33:53.769Z] <<< HTTP RESPONSE 200
[info] 
[info] === Deploying to 'angular-ngrx-material-starter'...
[info] 
[info] i  deploying hosting
[debug] [2019-09-22T05:33:53.780Z] >>> HTTP REQUEST POST https://firebasehosting.googleapis.com/v1beta1/sites/angular-ngrx-material-starter/versions  

[debug] [2019-09-22T05:33:56.173Z] <<< HTTP RESPONSE 200
[info] i  hosting[angular-ngrx-material-starter]: beginning deploy...
[info] i  hosting[angular-ngrx-material-starter]: found 58 files in dist/angular-ngrx-material-starter
[debug] [2019-09-22T05:33:57.791Z] [hosting] hash cache [ZGlzdFxhbmd1bGFyLW5ncngtbWF0ZXJpYWwtc3RhcnRlcg] stored for 58 files
[debug] [2019-09-22T05:33:57.792Z] [hosting][hash queue][FINAL]
[debug] [2019-09-22T05:33:57.792Z] >>> HTTP REQUEST POST https://firebasehosting.googleapis.com/v1beta1/sites/angular-ngrx-material-starter/versions/821120dc8327ae02:populateFiles  
 <request body omitted>
